2016-09-22 15:13:44,081 [main] WARN  config.ConfigurationFactory  - No configuration found. Configuring ehcache from ehcache-failsafe.xml  found in the classpath: jar:file:/Users/rabbah/.ivy2/cache/net.sf.ehcache/ehcache-core/jars/ehcache-core-1.7.1.jar!/ehcache-failsafe.xml
2016-09-22 15:13:45,484 [main] WARN  config.ConfigurationFactory  - No configuration found. Configuring ehcache from ehcache-failsafe.xml  found in the classpath: jar:file:/Users/rabbah/.ivy2/cache/net.sf.ehcache/ehcache-core/jars/ehcache-core-1.7.1.jar!/ehcache-failsafe.xml
2016-09-22 15:13:45,495 [main] WARN  ehcache.CacheManager  - Creating a new instance of CacheManager using the diskStorePath "/var/folders/jf/_k92xf7x1n968vrldr_8vh7w0000gn/T/" which is already used by an existing CacheManager.
The source of the configuration was classpath.
The diskStore path for this CacheManager will be set to /var/folders/jf/_k92xf7x1n968vrldr_8vh7w0000gn/T//ehcache_auto_created_1474553625495.
To avoid this warning consider using the CacheManager factory methods to create a singleton CacheManager or specifying a separate ehcache configuration (ehcache.xml) for each CacheManager instance.
2016-09-23 16:44:00,677 [main] WARN  config.ConfigurationFactory  - No configuration found. Configuring ehcache from ehcache-failsafe.xml  found in the classpath: jar:file:/Users/rabbah/.ivy2/cache/net.sf.ehcache/ehcache-core/jars/ehcache-core-1.7.1.jar!/ehcache-failsafe.xml
2016-09-23 16:44:01,876 [main] WARN  config.ConfigurationFactory  - No configuration found. Configuring ehcache from ehcache-failsafe.xml  found in the classpath: jar:file:/Users/rabbah/.ivy2/cache/net.sf.ehcache/ehcache-core/jars/ehcache-core-1.7.1.jar!/ehcache-failsafe.xml
2016-09-23 16:44:01,883 [main] WARN  ehcache.CacheManager  - Creating a new instance of CacheManager using the diskStorePath "/var/folders/jf/_k92xf7x1n968vrldr_8vh7w0000gn/T/" which is already used by an existing CacheManager.
The source of the configuration was classpath.
The diskStore path for this CacheManager will be set to /var/folders/jf/_k92xf7x1n968vrldr_8vh7w0000gn/T//ehcache_auto_created_1474645441882.
To avoid this warning consider using the CacheManager factory methods to create a singleton CacheManager or specifying a separate ehcache configuration (ehcache.xml) for each CacheManager instance.
2016-09-23 16:47:05,241 [http-8080-1] ERROR rentcar.VoitureWindow  - org.zkoss.zk.ui.ComponentNotFoundException: Fellow component not found: paging
2016-09-23 18:49:49,496 [http-8080-4] ERROR rentcar.VoitureWindow  - org.zkoss.zk.ui.ComponentNotFoundException: Fellow component not found: paging
2016-09-24 09:46:36,849 [main] WARN  config.ConfigurationFactory  - No configuration found. Configuring ehcache from ehcache-failsafe.xml  found in the classpath: jar:file:/Users/rabbah/.ivy2/cache/net.sf.ehcache/ehcache-core/jars/ehcache-core-1.7.1.jar!/ehcache-failsafe.xml
2016-09-24 09:46:38,790 [main] WARN  config.ConfigurationFactory  - No configuration found. Configuring ehcache from ehcache-failsafe.xml  found in the classpath: jar:file:/Users/rabbah/.ivy2/cache/net.sf.ehcache/ehcache-core/jars/ehcache-core-1.7.1.jar!/ehcache-failsafe.xml
2016-09-24 09:46:38,798 [main] WARN  ehcache.CacheManager  - Creating a new instance of CacheManager using the diskStorePath "/var/folders/jf/_k92xf7x1n968vrldr_8vh7w0000gn/T/" which is already used by an existing CacheManager.
The source of the configuration was classpath.
The diskStore path for this CacheManager will be set to /var/folders/jf/_k92xf7x1n968vrldr_8vh7w0000gn/T//ehcache_auto_created_1474706798798.
To avoid this warning consider using the CacheManager factory methods to create a singleton CacheManager or specifying a separate ehcache configuration (ehcache.xml) for each CacheManager instance.
2016-09-24 10:48:50,963 [http-8080-1] ERROR org.zkoss  - >>org.zkoss.zk.ui.UiException: Sourced file: inline evaluation of: ``                                                                                 . . . '' : Property accessor threw exception: org.zkoss.zk.ui.WrongValueException: Veillez indiquez une valeur positive : at Line: 171 : in file: inline evaluation of: ``                                                                                 . . . '' : fieldMontantPaye .value = fieldPrixParJour .value * diff 

>>Sourced file: inline evaluation of: ``                                                                                 . . . '' : Property accessor threw exception: org.zkoss.zk.ui.WrongValueException: Veillez indiquez une valeur positive : at Line: 171 : in file: inline evaluation of: ``                                                                                 . . . '' : fieldMontantPaye .value = fieldPrixParJour .value * diff 
>>
>>	at bsh.UtilEvalError.toEvalError(Unknown Source)
>>	at bsh.UtilEvalError.toEvalError(Unknown Source)
>>	at bsh.BSHAssignment.eval(Unknown Source)
>>	at bsh.BSHBlock.evalBlock(Unknown Source)
>>	at bsh.BSHBlock.eval(Unknown Source)
>>	at bsh.BSHBlock.eval(Unknown Source)
>>	at bsh.BSHIfStatement.eval(Unknown Source)
>>	at bsh.Interpreter.eval(Unknown Source)
>>	at bsh.Interpreter.eval(Unknown Source)
>>	at org.zkoss.zk.scripting.bsh.BSHInterpreter.exec(BSHInterpreter.java:134)
>>	at org.zkoss.zk.scripting.util.GenericInterpreter.interpret(GenericInterpreter.java:341)
>>	at org.zkoss.zk.ui.impl.PageImpl.interpret(PageImpl.java:856)
>>	at org.zkoss.zk.ui.impl.EventProcessor.process0(EventProcessor.java:180)
>>	at org.zkoss.zk.ui.impl.EventProcessor.process(EventProcessor.java:138)
>>	at org.zkoss.zk.ui.impl.UiEngineImpl.processEvent(UiEngineImpl.java:1603)
>>	at org.zkoss.zk.ui.impl.UiEngineImpl.process(UiEngineImpl.java:1387)
>>	at org.zkoss.zk.ui.impl.UiEngineImpl.execUpdate(UiEngineImpl.java:1107)
>>	at org.zkoss.zk.au.http.DHtmlUpdateServlet.process(DHtmlUpdateServlet.java:563)
>>	at org.zkoss.zk.au.http.DHtmlUpdateServlet.doGet(DHtmlUpdateServlet.java:457)
>>	at org.zkoss.zk.au.http.DHtmlUpdateServlet.doPost(DHtmlUpdateServlet.java:465)
>>	at javax.servlet.http.HttpServlet.service(HttpServlet.java:727)
>>	at javax.servlet.http.HttpServlet.service(HttpServlet.java:820)
>>	at org.apache.catalina.core.ApplicationFilterChain.internalDoFilter(ApplicationFilterChain.java:290)
>>	at org.apache.catalina.core.ApplicationFilterChain.doFilter(ApplicationFilterChain.java:206)
>>	at org.codehaus.groovy.grails.web.mapping.filter.UrlMappingsFilter.processFilterChain(UrlMappingsFilter.java:287)
>>	at org.codehaus.groovy.grails.web.mapping.filter.UrlMappingsFilter.doFilterInternal(UrlMappingsFilter.java:205)
>>	at org.springframework.web.filter.OncePerRequestFilter.doFilter(OncePerRequestFilter.java:76)
>>	at org.apache.catalina.core.ApplicationFilterChain.internalDoFilter(ApplicationFilterChain.java:235)
>>	at org.apache.catalina.core.ApplicationFilterChain.doFilter(ApplicationFilterChain.java:206)
>>	at org.springframework.security.util.FilterChainProxy$VirtualFilterChain.doFilter(FilterChainProxy.java:378)
>>	at org.springframework.security.intercept.web.FilterSecurityInterceptor.invoke(FilterSecurityInterceptor.java:109)
>>	at org.springframework.security.intercept.web.FilterSecurityInterceptor.doFilter(FilterSecurityInterceptor.java:83)
>>	at org.springframework.security.util.FilterChainProxy$VirtualFilterChain.doFilter(FilterChainProxy.java:390)
>>	at org.springframework.security.ui.ExceptionTranslationFilter.doFilterHttp(ExceptionTranslationFilter.java:101)
>>	at org.springframework.security.ui.SpringSecurityFilter.doFilter(SpringSecurityFilter.java:53)
>>	at org.springframework.security.util.FilterChainProxy$VirtualFilterChain.doFilter(FilterChainProxy.java:390)
>>	at org.springframework.security.providers.anonymous.AnonymousProcessingFilter.doFilterHttp(AnonymousProcessingFilter.java:105)
>>	at org.springframework.security.ui.SpringSecurityFilter.doFilter(SpringSecurityFilter.java:53)
>>	at org.springframework.security.util.FilterChainProxy$VirtualFilterChain.doFilter(FilterChainProxy.java:390)
>>	at org.springframework.security.ui.rememberme.RememberMeProcessingFilter.doFilterHttp(RememberMeProcessingFilter.java:116)
>>	at org.springframework.security.ui.SpringSecurityFilter.doFilter(SpringSecurityFilter.java:53)
>>	at org.springframework.security.util.FilterChainProxy$VirtualFilterChain.doFilter(FilterChainProxy.java:390)
>>	at org.springframework.security.wrapper.SecurityContextHolderAwareRequestFilter.doFilterHttp(SecurityContextHolderAwareRequestFilter.java:91)
>>	at org.springframework.security.ui.SpringSecurityFilter.doFilter(SpringSecurityFilter.java:53)
>>	at org.springframework.security.util.FilterChainProxy$VirtualFilterChain.doFilter(FilterChainProxy.java:390)
>>	at org.springframework.security.ui.AbstractProcessingFilter.doFilterHttp(AbstractProcessingFilter.java:277)
>>	at org.codehaus.groovy.grails.plugins.springsecurity.GrailsAuthenticationProcessingFilter.super$3$doFilterHttp(GrailsAuthenticationProcessingFilter.groovy)
>>	at sun.reflect.GeneratedMethodAccessor514.invoke(Unknown Source)
>>	at sun.reflect.DelegatingMethodAccessorImpl.invoke(DelegatingMethodAccessorImpl.java:43)
>>	at java.lang.reflect.Method.invoke(Method.java:606)
>>	at org.codehaus.groovy.reflection.CachedMethod.invoke(CachedMethod.java:90)
>>	at groovy.lang.MetaMethod.doMethodInvoke(MetaMethod.java:233)
>>	at groovy.lang.MetaClassImpl.invokeMethod(MetaClassImpl.java:1058)
>>	at groovy.lang.ExpandoMetaClass.invokeMethod(ExpandoMetaClass.java:1070)
>>	at org.codehaus.groovy.runtime.ScriptBytecodeAdapter.invokeMethodOnSuperN(ScriptBytecodeAdapter.java:127)
>>	at org.codehaus.groovy.grails.plugins.springsecurity.GrailsAuthenticationProcessingFilter.doFilterHttp(GrailsAuthenticationProcessingFilter.groovy:56)
>>	at org.springframework.security.ui.SpringSecurityFilter.doFilter(SpringSecurityFilter.java:53)
>>	at org.springframework.security.util.FilterChainProxy$VirtualFilterChain.doFilter(FilterChainProxy.java:390)
>>	at org.springframework.security.ui.logout.LogoutFilter.doFilterHttp(LogoutFilter.java:89)
>>	at org.springframework.security.ui.SpringSecurityFilter.doFilter(SpringSecurityFilter.java:53)
>>	at org.springframework.security.util.FilterChainProxy$VirtualFilterChain.doFilter(FilterChainProxy.java:390)
>>	at org.springframework.security.context.HttpSessionContextIntegrationFilter.doFilterHttp(HttpSessionContextIntegrationFilter.java:235)
>>	at org.springframework.security.ui.SpringSecurityFilter.doFilter(SpringSecurityFilter.java:53)
>>	at org.springframework.security.util.FilterChainProxy$VirtualFilterChain.doFilter(FilterChainProxy.java:390)
>>	at org.springframework.security.util.FilterChainProxy.doFilter(FilterChainProxy.java:175)
>>	at org.springframework.web.filter.DelegatingFilterProxy.invokeDelegate(DelegatingFilterProxy.java:237)
>>	at org.springframework.web.filter.DelegatingFilterProxy.doFilter(DelegatingFilterProxy.java:167)
>>	at org.apache.catalina.core.ApplicationFilterChain.internalDoFilter(ApplicationFilterChain.java:235)
>>	at org.apache.catalina.core.ApplicationFilterChain.doFilter(ApplicationFilterChain.java:206)
>>	at org.codehaus.groovy.grails.web.servlet.filter.GrailsReloadServletFilter.doFilterInternal(GrailsReloadServletFilter.java:104)
>>	at org.springframework.web.filter.OncePerRequestFilter.doFilter(OncePerRequestFilter.java:76)
>>	at org.apache.catalina.core.ApplicationFilterChain.internalDoFilter(ApplicationFilterChain.java:235)
>>	at org.apache.catalina.core.ApplicationFilterChain.doFilter(ApplicationFilterChain.java:206)
>>	at org.codehaus.groovy.grails.web.servlet.mvc.GrailsWebRequestFilter.doFilterInternal(GrailsWebRequestFilter.java:69)
>>	at org.springframework.web.filter.OncePerRequestFilter.doFilter(OncePerRequestFilter.java:76)
>>	at org.apache.catalina.core.ApplicationFilterChain.internalDoFilter(ApplicationFilterChain.java:235)
>>	at org.apache.catalina.core.ApplicationFilterChain.doFilter(ApplicationFilterChain.java:206)
>>	at org.codehaus.groovy.grails.web.filters.HiddenHttpMethodFilter.doFilterInternal(HiddenHttpMethodFilter.java:65)
>>	at org.springframework.web.filter.OncePerRequestFilter.doFilter(OncePerRequestFilter.java:76)
>>	at org.apache.catalina.core.ApplicationFilterChain.internalDoFilter(ApplicationFilterChain.java:235)
>>	at org.apache.catalina.core.ApplicationFilterChain.doFilter(ApplicationFilterChain.java:206)
>>	at org.springframework.web.filter.CharacterEncodingFilter.doFilterInternal(CharacterEncodingFilter.java:88)
>>	at org.springframework.web.filter.OncePerRequestFilter.doFilter(OncePerRequestFilter.java:76)
>>	at org.springframework.web.filter.DelegatingFilterProxy.invokeDelegate(DelegatingFilterProxy.java:237)
>>	at org.springframework.web.filter.DelegatingFilterProxy.doFilter(DelegatingFilterProxy.java:167)
>>	at org.apache.catalina.core.ApplicationFilterChain.internalDoFilter(ApplicationFilterChain.java:235)
>>	at org.apache.catalina.core.ApplicationFilterChain.doFilter(ApplicationFilterChain.java:206)
>>	at org.apache.catalina.core.StandardWrapperValve.invoke(StandardWrapperValve.java:233)
>>	at org.apache.catalina.core.StandardContextValve.invoke(StandardContextValve.java:191)
>>	at org.apache.catalina.core.StandardHostValve.invoke(StandardHostValve.java:128)
>>	at org.apache.catalina.valves.ErrorReportValve.invoke(ErrorReportValve.java:102)
>>	at org.apache.catalina.core.StandardEngineValve.invoke(StandardEngineValve.java:109)
>>	at org.apache.catalina.connector.CoyoteAdapter.service(CoyoteAdapter.java:293)
>>	at org.apache.coyote.http11.Http11Processor.process(Http11Processor.java:849)
>>	at org.apache.coyote.http11.Http11Protocol$Http11ConnectionHandler.process(Http11Protocol.java:583)
>>	at org.apache.tomcat.util.net.JIoEndpoint$Worker.run(JIoEndpoint.java:454)
>>	at java.lang.Thread.run(Thread.java:745)

2016-09-24 10:55:00,932 [http-8080-2] ERROR rentcar.VoitureWindow  - org.zkoss.zk.ui.ComponentNotFoundException: Fellow component not found: paging
2016-09-24 11:26:21,456 [main] WARN  config.ConfigurationFactory  - No configuration found. Configuring ehcache from ehcache-failsafe.xml  found in the classpath: jar:file:/Users/rabbah/.ivy2/cache/net.sf.ehcache/ehcache-core/jars/ehcache-core-1.7.1.jar!/ehcache-failsafe.xml
2016-09-24 11:26:22,608 [main] WARN  config.ConfigurationFactory  - No configuration found. Configuring ehcache from ehcache-failsafe.xml  found in the classpath: jar:file:/Users/rabbah/.ivy2/cache/net.sf.ehcache/ehcache-core/jars/ehcache-core-1.7.1.jar!/ehcache-failsafe.xml
2016-09-24 11:26:22,613 [main] WARN  ehcache.CacheManager  - Creating a new instance of CacheManager using the diskStorePath "/var/folders/jf/_k92xf7x1n968vrldr_8vh7w0000gn/T/" which is already used by an existing CacheManager.
The source of the configuration was classpath.
The diskStore path for this CacheManager will be set to /var/folders/jf/_k92xf7x1n968vrldr_8vh7w0000gn/T//ehcache_auto_created_1474712782613.
To avoid this warning consider using the CacheManager factory methods to create a singleton CacheManager or specifying a separate ehcache configuration (ehcache.xml) for each CacheManager instance.
2016-09-24 11:26:34,154 [http-8080-1] ERROR [/rcar].[zkLoader]  - Servlet.service() for servlet zkLoader threw exception
org.zkoss.zk.ui.UiException: Sourced file: inline evaluation of: ``                                      Integer NbJoursAvantExpiration = (Integer) . . . '' : illegal use of null value or 'null' literal : at Line: 15 : in file: inline evaluation of: ``                                      Integer NbJoursAvantExpiration = (Integer) . . . '' : ) { 

	at sun.reflect.NativeConstructorAccessorImpl.newInstance0(Native Method)
	at sun.reflect.NativeConstructorAccessorImpl.newInstance(NativeConstructorAccessorImpl.java:57)
	at sun.reflect.DelegatingConstructorAccessorImpl.newInstance(DelegatingConstructorAccessorImpl.java:45)
	at java.lang.reflect.Constructor.newInstance(Constructor.java:526)
	at org.zkoss.lang.Classes.newInstance(Classes.java:76)
	at org.zkoss.lang.Exceptions.wrap(Exceptions.java:162)
	at org.zkoss.zk.ui.UiException$Aide.wrap(UiException.java:44)
	at org.zkoss.zk.scripting.bsh.BSHInterpreter.exec(BSHInterpreter.java:137)
	at org.zkoss.zk.scripting.util.GenericInterpreter.interpret(GenericInterpreter.java:341)
	at org.zkoss.zk.ui.impl.PageImpl.interpret(PageImpl.java:856)
	at org.zkoss.zk.ui.impl.UiEngineImpl.execNonComponent(UiEngineImpl.java:852)
	at org.zkoss.zk.ui.impl.UiEngineImpl.execCreate0(UiEngineImpl.java:652)
	at org.zkoss.zk.ui.impl.UiEngineImpl.execCreateChild(UiEngineImpl.java:662)
	at org.zkoss.zk.ui.impl.UiEngineImpl.execCreate0(UiEngineImpl.java:630)
	at org.zkoss.zk.ui.impl.UiEngineImpl.execCreate(UiEngineImpl.java:597)
	at org.zkoss.zk.ui.impl.UiEngineImpl.execNewPage0(UiEngineImpl.java:383)
	at org.zkoss.zk.ui.impl.UiEngineImpl.execNewPage(UiEngineImpl.java:306)
	at org.zkoss.zk.ui.http.DHtmlLayoutServlet.process(DHtmlLayoutServlet.java:225)
	at org.zkoss.zk.ui.http.DHtmlLayoutServlet.doGet(DHtmlLayoutServlet.java:146)
	at javax.servlet.http.HttpServlet.service(HttpServlet.java:707)
	at javax.servlet.http.HttpServlet.service(HttpServlet.java:820)
	at org.apache.catalina.core.ApplicationFilterChain.internalDoFilter(ApplicationFilterChain.java:290)
	at org.apache.catalina.core.ApplicationFilterChain.doFilter(ApplicationFilterChain.java:206)
	at org.codehaus.groovy.grails.web.mapping.filter.UrlMappingsFilter.processFilterChain(UrlMappingsFilter.java:287)
	at org.codehaus.groovy.grails.web.mapping.filter.UrlMappingsFilter.doFilterInternal(UrlMappingsFilter.java:205)
	at org.springframework.web.filter.OncePerRequestFilter.doFilter(OncePerRequestFilter.java:76)
	at org.apache.catalina.core.ApplicationFilterChain.internalDoFilter(ApplicationFilterChain.java:235)
	at org.apache.catalina.core.ApplicationFilterChain.doFilter(ApplicationFilterChain.java:206)
	at org.springframework.security.util.FilterChainProxy$VirtualFilterChain.doFilter(FilterChainProxy.java:378)
	at org.springframework.security.intercept.web.FilterSecurityInterceptor.invoke(FilterSecurityInterceptor.java:109)
	at org.springframework.security.intercept.web.FilterSecurityInterceptor.doFilter(FilterSecurityInterceptor.java:83)
	at org.springframework.security.util.FilterChainProxy$VirtualFilterChain.doFilter(FilterChainProxy.java:390)
	at org.springframework.security.ui.ExceptionTranslationFilter.doFilterHttp(ExceptionTranslationFilter.java:101)
	at org.springframework.security.ui.SpringSecurityFilter.doFilter(SpringSecurityFilter.java:53)
	at org.springframework.security.util.FilterChainProxy$VirtualFilterChain.doFilter(FilterChainProxy.java:390)
	at org.springframework.security.providers.anonymous.AnonymousProcessingFilter.doFilterHttp(AnonymousProcessingFilter.java:105)
	at org.springframework.security.ui.SpringSecurityFilter.doFilter(SpringSecurityFilter.java:53)
	at org.springframework.security.util.FilterChainProxy$VirtualFilterChain.doFilter(FilterChainProxy.java:390)
	at org.springframework.security.ui.rememberme.RememberMeProcessingFilter.doFilterHttp(RememberMeProcessingFilter.java:109)
	at org.springframework.security.ui.SpringSecurityFilter.doFilter(SpringSecurityFilter.java:53)
	at org.springframework.security.util.FilterChainProxy$VirtualFilterChain.doFilter(FilterChainProxy.java:390)
	at org.springframework.security.wrapper.SecurityContextHolderAwareRequestFilter.doFilterHttp(SecurityContextHolderAwareRequestFilter.java:91)
	at org.springframework.security.ui.SpringSecurityFilter.doFilter(SpringSecurityFilter.java:53)
	at org.springframework.security.util.FilterChainProxy$VirtualFilterChain.doFilter(FilterChainProxy.java:390)
	at org.springframework.security.ui.AbstractProcessingFilter.doFilterHttp(AbstractProcessingFilter.java:277)
	at org.codehaus.groovy.grails.plugins.springsecurity.GrailsAuthenticationProcessingFilter.super$3$doFilterHttp(GrailsAuthenticationProcessingFilter.groovy)
	at sun.reflect.NativeMethodAccessorImpl.invoke0(Native Method)
	at sun.reflect.NativeMethodAccessorImpl.invoke(NativeMethodAccessorImpl.java:57)
	at sun.reflect.DelegatingMethodAccessorImpl.invoke(DelegatingMethodAccessorImpl.java:43)
	at java.lang.reflect.Method.invoke(Method.java:606)
	at org.codehaus.groovy.reflection.CachedMethod.invoke(CachedMethod.java:90)
	at groovy.lang.MetaMethod.doMethodInvoke(MetaMethod.java:233)
	at groovy.lang.MetaClassImpl.invokeMethod(MetaClassImpl.java:1058)
	at groovy.lang.ExpandoMetaClass.invokeMethod(ExpandoMetaClass.java:1070)
	at org.codehaus.groovy.runtime.ScriptBytecodeAdapter.invokeMethodOnSuperN(ScriptBytecodeAdapter.java:127)
	at org.codehaus.groovy.grails.plugins.springsecurity.GrailsAuthenticationProcessingFilter.doFilterHttp(GrailsAuthenticationProcessingFilter.groovy:56)
	at org.springframework.security.ui.SpringSecurityFilter.doFilter(SpringSecurityFilter.java:53)
	at org.springframework.security.util.FilterChainProxy$VirtualFilterChain.doFilter(FilterChainProxy.java:390)
	at org.springframework.security.ui.logout.LogoutFilter.doFilterHttp(LogoutFilter.java:89)
	at org.springframework.security.ui.SpringSecurityFilter.doFilter(SpringSecurityFilter.java:53)
	at org.springframework.security.util.FilterChainProxy$VirtualFilterChain.doFilter(FilterChainProxy.java:390)
	at org.springframework.security.context.HttpSessionContextIntegrationFilter.doFilterHttp(HttpSessionContextIntegrationFilter.java:235)
	at org.springframework.security.ui.SpringSecurityFilter.doFilter(SpringSecurityFilter.java:53)
	at org.springframework.security.util.FilterChainProxy$VirtualFilterChain.doFilter(FilterChainProxy.java:390)
	at org.springframework.security.util.FilterChainProxy.doFilter(FilterChainProxy.java:175)
	at org.springframework.web.filter.DelegatingFilterProxy.invokeDelegate(DelegatingFilterProxy.java:237)
	at org.springframework.web.filter.DelegatingFilterProxy.doFilter(DelegatingFilterProxy.java:167)
	at org.apache.catalina.core.ApplicationFilterChain.internalDoFilter(ApplicationFilterChain.java:235)
	at org.apache.catalina.core.ApplicationFilterChain.doFilter(ApplicationFilterChain.java:206)
	at org.codehaus.groovy.grails.web.servlet.filter.GrailsReloadServletFilter.doFilterInternal(GrailsReloadServletFilter.java:104)
	at org.springframework.web.filter.OncePerRequestFilter.doFilter(OncePerRequestFilter.java:76)
	at org.apache.catalina.core.ApplicationFilterChain.internalDoFilter(ApplicationFilterChain.java:235)
	at org.apache.catalina.core.ApplicationFilterChain.doFilter(ApplicationFilterChain.java:206)
	at org.codehaus.groovy.grails.web.servlet.mvc.GrailsWebRequestFilter.doFilterInternal(GrailsWebRequestFilter.java:69)
	at org.springframework.web.filter.OncePerRequestFilter.doFilter(OncePerRequestFilter.java:76)
	at org.apache.catalina.core.ApplicationFilterChain.internalDoFilter(ApplicationFilterChain.java:235)
	at org.apache.catalina.core.ApplicationFilterChain.doFilter(ApplicationFilterChain.java:206)
	at org.codehaus.groovy.grails.web.filters.HiddenHttpMethodFilter.doFilterInternal(HiddenHttpMethodFilter.java:69)
	at org.springframework.web.filter.OncePerRequestFilter.doFilter(OncePerRequestFilter.java:76)
	at org.apache.catalina.core.ApplicationFilterChain.internalDoFilter(ApplicationFilterChain.java:235)
	at org.apache.catalina.core.ApplicationFilterChain.doFilter(ApplicationFilterChain.java:206)
	at org.springframework.web.filter.CharacterEncodingFilter.doFilterInternal(CharacterEncodingFilter.java:88)
	at org.springframework.web.filter.OncePerRequestFilter.doFilter(OncePerRequestFilter.java:76)
	at org.springframework.web.filter.DelegatingFilterProxy.invokeDelegate(DelegatingFilterProxy.java:237)
	at org.springframework.web.filter.DelegatingFilterProxy.doFilter(DelegatingFilterProxy.java:167)
	at org.apache.catalina.core.ApplicationFilterChain.internalDoFilter(ApplicationFilterChain.java:235)
	at org.apache.catalina.core.ApplicationFilterChain.doFilter(ApplicationFilterChain.java:206)
	at org.apache.catalina.core.StandardWrapperValve.invoke(StandardWrapperValve.java:233)
	at org.apache.catalina.core.StandardContextValve.invoke(StandardContextValve.java:191)
	at org.apache.catalina.core.StandardHostValve.invoke(StandardHostValve.java:128)
	at org.apache.catalina.valves.ErrorReportValve.invoke(ErrorReportValve.java:102)
	at org.apache.catalina.core.StandardEngineValve.invoke(StandardEngineValve.java:109)
	at org.apache.catalina.connector.CoyoteAdapter.service(CoyoteAdapter.java:293)
	at org.apache.coyote.http11.Http11Processor.process(Http11Processor.java:849)
	at org.apache.coyote.http11.Http11Protocol$Http11ConnectionHandler.process(Http11Protocol.java:583)
	at org.apache.tomcat.util.net.JIoEndpoint$Worker.run(JIoEndpoint.java:454)
	at java.lang.Thread.run(Thread.java:745)
Caused by: Sourced file: inline evaluation of: ``                                      Integer NbJoursAvantExpiration = (Integer) . . . '' : illegal use of null value or 'null' literal : at Line: 15 : in file: inline evaluation of: ``                                      Integer NbJoursAvantExpiration = (Integer) . . . '' : ) { 

	at bsh.BSHBinaryExpression.eval(Unknown Source)
	at bsh.BSHBinaryExpression.eval(Unknown Source)
	at bsh.BSHIfStatement.evaluateCondition(Unknown Source)
	at bsh.BSHIfStatement.eval(Unknown Source)
	at bsh.Interpreter.eval(Unknown Source)
	at bsh.Interpreter.eval(Unknown Source)
	at org.zkoss.zk.scripting.bsh.BSHInterpreter.exec(BSHInterpreter.java:134)
	... 89 more
2016-09-24 11:26:40,256 [http-8080-2] ERROR [/rcar].[zkLoader]  - Servlet.service() for servlet zkLoader threw exception
org.zkoss.zk.ui.UiException: Sourced file: inline evaluation of: ``                                      Integer NbJoursAvantExpiration = (Integer) . . . '' : illegal use of null value or 'null' literal : at Line: 15 : in file: inline evaluation of: ``                                      Integer NbJoursAvantExpiration = (Integer) . . . '' : ) { 

	at sun.reflect.NativeConstructorAccessorImpl.newInstance0(Native Method)
	at sun.reflect.NativeConstructorAccessorImpl.newInstance(NativeConstructorAccessorImpl.java:57)
	at sun.reflect.DelegatingConstructorAccessorImpl.newInstance(DelegatingConstructorAccessorImpl.java:45)
	at java.lang.reflect.Constructor.newInstance(Constructor.java:526)
	at org.zkoss.lang.Classes.newInstance(Classes.java:76)
	at org.zkoss.lang.Exceptions.wrap(Exceptions.java:162)
	at org.zkoss.zk.ui.UiException$Aide.wrap(UiException.java:44)
	at org.zkoss.zk.scripting.bsh.BSHInterpreter.exec(BSHInterpreter.java:137)
	at org.zkoss.zk.scripting.util.GenericInterpreter.interpret(GenericInterpreter.java:341)
	at org.zkoss.zk.ui.impl.PageImpl.interpret(PageImpl.java:856)
	at org.zkoss.zk.ui.impl.UiEngineImpl.execNonComponent(UiEngineImpl.java:852)
	at org.zkoss.zk.ui.impl.UiEngineImpl.execCreate0(UiEngineImpl.java:652)
	at org.zkoss.zk.ui.impl.UiEngineImpl.execCreateChild(UiEngineImpl.java:662)
	at org.zkoss.zk.ui.impl.UiEngineImpl.execCreate0(UiEngineImpl.java:630)
	at org.zkoss.zk.ui.impl.UiEngineImpl.execCreate(UiEngineImpl.java:597)
	at org.zkoss.zk.ui.impl.UiEngineImpl.execNewPage0(UiEngineImpl.java:383)
	at org.zkoss.zk.ui.impl.UiEngineImpl.execNewPage(UiEngineImpl.java:306)
	at org.zkoss.zk.ui.http.DHtmlLayoutServlet.process(DHtmlLayoutServlet.java:225)
	at org.zkoss.zk.ui.http.DHtmlLayoutServlet.doGet(DHtmlLayoutServlet.java:146)
	at javax.servlet.http.HttpServlet.service(HttpServlet.java:707)
	at javax.servlet.http.HttpServlet.service(HttpServlet.java:820)
	at org.apache.catalina.core.ApplicationFilterChain.internalDoFilter(ApplicationFilterChain.java:290)
	at org.apache.catalina.core.ApplicationFilterChain.doFilter(ApplicationFilterChain.java:206)
	at org.codehaus.groovy.grails.web.mapping.filter.UrlMappingsFilter.processFilterChain(UrlMappingsFilter.java:287)
	at org.codehaus.groovy.grails.web.mapping.filter.UrlMappingsFilter.doFilterInternal(UrlMappingsFilter.java:205)
	at org.springframework.web.filter.OncePerRequestFilter.doFilter(OncePerRequestFilter.java:76)
	at org.apache.catalina.core.ApplicationFilterChain.internalDoFilter(ApplicationFilterChain.java:235)
	at org.apache.catalina.core.ApplicationFilterChain.doFilter(ApplicationFilterChain.java:206)
	at org.springframework.security.util.FilterChainProxy$VirtualFilterChain.doFilter(FilterChainProxy.java:378)
	at org.springframework.security.intercept.web.FilterSecurityInterceptor.invoke(FilterSecurityInterceptor.java:109)
	at org.springframework.security.intercept.web.FilterSecurityInterceptor.doFilter(FilterSecurityInterceptor.java:83)
	at org.springframework.security.util.FilterChainProxy$VirtualFilterChain.doFilter(FilterChainProxy.java:390)
	at org.springframework.security.ui.ExceptionTranslationFilter.doFilterHttp(ExceptionTranslationFilter.java:101)
	at org.springframework.security.ui.SpringSecurityFilter.doFilter(SpringSecurityFilter.java:53)
	at org.springframework.security.util.FilterChainProxy$VirtualFilterChain.doFilter(FilterChainProxy.java:390)
	at org.springframework.security.providers.anonymous.AnonymousProcessingFilter.doFilterHttp(AnonymousProcessingFilter.java:105)
	at org.springframework.security.ui.SpringSecurityFilter.doFilter(SpringSecurityFilter.java:53)
	at org.springframework.security.util.FilterChainProxy$VirtualFilterChain.doFilter(FilterChainProxy.java:390)
	at org.springframework.security.ui.rememberme.RememberMeProcessingFilter.doFilterHttp(RememberMeProcessingFilter.java:109)
	at org.springframework.security.ui.SpringSecurityFilter.doFilter(SpringSecurityFilter.java:53)
	at org.springframework.security.util.FilterChainProxy$VirtualFilterChain.doFilter(FilterChainProxy.java:390)
	at org.springframework.security.wrapper.SecurityContextHolderAwareRequestFilter.doFilterHttp(SecurityContextHolderAwareRequestFilter.java:91)
	at org.springframework.security.ui.SpringSecurityFilter.doFilter(SpringSecurityFilter.java:53)
	at org.springframework.security.util.FilterChainProxy$VirtualFilterChain.doFilter(FilterChainProxy.java:390)
	at org.springframework.security.ui.AbstractProcessingFilter.doFilterHttp(AbstractProcessingFilter.java:277)
	at org.codehaus.groovy.grails.plugins.springsecurity.GrailsAuthenticationProcessingFilter.super$3$doFilterHttp(GrailsAuthenticationProcessingFilter.groovy)
	at sun.reflect.NativeMethodAccessorImpl.invoke0(Native Method)
	at sun.reflect.NativeMethodAccessorImpl.invoke(NativeMethodAccessorImpl.java:57)
	at sun.reflect.DelegatingMethodAccessorImpl.invoke(DelegatingMethodAccessorImpl.java:43)
	at java.lang.reflect.Method.invoke(Method.java:606)
	at org.codehaus.groovy.reflection.CachedMethod.invoke(CachedMethod.java:90)
	at groovy.lang.MetaMethod.doMethodInvoke(MetaMethod.java:233)
	at groovy.lang.MetaClassImpl.invokeMethod(MetaClassImpl.java:1058)
	at groovy.lang.ExpandoMetaClass.invokeMethod(ExpandoMetaClass.java:1070)
	at org.codehaus.groovy.runtime.ScriptBytecodeAdapter.invokeMethodOnSuperN(ScriptBytecodeAdapter.java:127)
	at org.codehaus.groovy.grails.plugins.springsecurity.GrailsAuthenticationProcessingFilter.doFilterHttp(GrailsAuthenticationProcessingFilter.groovy:56)
	at org.springframework.security.ui.SpringSecurityFilter.doFilter(SpringSecurityFilter.java:53)
	at org.springframework.security.util.FilterChainProxy$VirtualFilterChain.doFilter(FilterChainProxy.java:390)
	at org.springframework.security.ui.logout.LogoutFilter.doFilterHttp(LogoutFilter.java:89)
	at org.springframework.security.ui.SpringSecurityFilter.doFilter(SpringSecurityFilter.java:53)
	at org.springframework.security.util.FilterChainProxy$VirtualFilterChain.doFilter(FilterChainProxy.java:390)
	at org.springframework.security.context.HttpSessionContextIntegrationFilter.doFilterHttp(HttpSessionContextIntegrationFilter.java:235)
	at org.springframework.security.ui.SpringSecurityFilter.doFilter(SpringSecurityFilter.java:53)
	at org.springframework.security.util.FilterChainProxy$VirtualFilterChain.doFilter(FilterChainProxy.java:390)
	at org.springframework.security.util.FilterChainProxy.doFilter(FilterChainProxy.java:175)
	at org.springframework.web.filter.DelegatingFilterProxy.invokeDelegate(DelegatingFilterProxy.java:237)
	at org.springframework.web.filter.DelegatingFilterProxy.doFilter(DelegatingFilterProxy.java:167)
	at org.apache.catalina.core.ApplicationFilterChain.internalDoFilter(ApplicationFilterChain.java:235)
	at org.apache.catalina.core.ApplicationFilterChain.doFilter(ApplicationFilterChain.java:206)
	at org.codehaus.groovy.grails.web.servlet.filter.GrailsReloadServletFilter.doFilterInternal(GrailsReloadServletFilter.java:104)
	at org.springframework.web.filter.OncePerRequestFilter.doFilter(OncePerRequestFilter.java:76)
	at org.apache.catalina.core.ApplicationFilterChain.internalDoFilter(ApplicationFilterChain.java:235)
	at org.apache.catalina.core.ApplicationFilterChain.doFilter(ApplicationFilterChain.java:206)
	at org.codehaus.groovy.grails.web.servlet.mvc.GrailsWebRequestFilter.doFilterInternal(GrailsWebRequestFilter.java:69)
	at org.springframework.web.filter.OncePerRequestFilter.doFilter(OncePerRequestFilter.java:76)
	at org.apache.catalina.core.ApplicationFilterChain.internalDoFilter(ApplicationFilterChain.java:235)
	at org.apache.catalina.core.ApplicationFilterChain.doFilter(ApplicationFilterChain.java:206)
	at org.codehaus.groovy.grails.web.filters.HiddenHttpMethodFilter.doFilterInternal(HiddenHttpMethodFilter.java:69)
	at org.springframework.web.filter.OncePerRequestFilter.doFilter(OncePerRequestFilter.java:76)
	at org.apache.catalina.core.ApplicationFilterChain.internalDoFilter(ApplicationFilterChain.java:235)
	at org.apache.catalina.core.ApplicationFilterChain.doFilter(ApplicationFilterChain.java:206)
	at org.springframework.web.filter.CharacterEncodingFilter.doFilterInternal(CharacterEncodingFilter.java:88)
	at org.springframework.web.filter.OncePerRequestFilter.doFilter(OncePerRequestFilter.java:76)
	at org.springframework.web.filter.DelegatingFilterProxy.invokeDelegate(DelegatingFilterProxy.java:237)
	at org.springframework.web.filter.DelegatingFilterProxy.doFilter(DelegatingFilterProxy.java:167)
	at org.apache.catalina.core.ApplicationFilterChain.internalDoFilter(ApplicationFilterChain.java:235)
	at org.apache.catalina.core.ApplicationFilterChain.doFilter(ApplicationFilterChain.java:206)
	at org.apache.catalina.core.StandardWrapperValve.invoke(StandardWrapperValve.java:233)
	at org.apache.catalina.core.StandardContextValve.invoke(StandardContextValve.java:191)
	at org.apache.catalina.core.StandardHostValve.invoke(StandardHostValve.java:128)
	at org.apache.catalina.valves.ErrorReportValve.invoke(ErrorReportValve.java:102)
	at org.apache.catalina.core.StandardEngineValve.invoke(StandardEngineValve.java:109)
	at org.apache.catalina.connector.CoyoteAdapter.service(CoyoteAdapter.java:293)
	at org.apache.coyote.http11.Http11Processor.process(Http11Processor.java:849)
	at org.apache.coyote.http11.Http11Protocol$Http11ConnectionHandler.process(Http11Protocol.java:583)
	at org.apache.tomcat.util.net.JIoEndpoint$Worker.run(JIoEndpoint.java:454)
	at java.lang.Thread.run(Thread.java:745)
Caused by: Sourced file: inline evaluation of: ``                                      Integer NbJoursAvantExpiration = (Integer) . . . '' : illegal use of null value or 'null' literal : at Line: 15 : in file: inline evaluation of: ``                                      Integer NbJoursAvantExpiration = (Integer) . . . '' : ) { 

	at bsh.BSHBinaryExpression.eval(Unknown Source)
	at bsh.BSHBinaryExpression.eval(Unknown Source)
	at bsh.BSHIfStatement.evaluateCondition(Unknown Source)
	at bsh.BSHIfStatement.eval(Unknown Source)
	at bsh.Interpreter.eval(Unknown Source)
	at bsh.Interpreter.eval(Unknown Source)
	at org.zkoss.zk.scripting.bsh.BSHInterpreter.exec(BSHInterpreter.java:134)
	... 89 more
2016-09-26 20:11:52,577 [main] WARN  config.ConfigurationFactory  - No configuration found. Configuring ehcache from ehcache-failsafe.xml  found in the classpath: jar:file:/Users/rabbah/.ivy2/cache/net.sf.ehcache/ehcache-core/jars/ehcache-core-1.7.1.jar!/ehcache-failsafe.xml
2016-09-26 20:11:53,731 [main] WARN  config.ConfigurationFactory  - No configuration found. Configuring ehcache from ehcache-failsafe.xml  found in the classpath: jar:file:/Users/rabbah/.ivy2/cache/net.sf.ehcache/ehcache-core/jars/ehcache-core-1.7.1.jar!/ehcache-failsafe.xml
2016-09-26 20:11:53,737 [main] WARN  ehcache.CacheManager  - Creating a new instance of CacheManager using the diskStorePath "/var/folders/jf/_k92xf7x1n968vrldr_8vh7w0000gn/T/" which is already used by an existing CacheManager.
The source of the configuration was classpath.
The diskStore path for this CacheManager will be set to /var/folders/jf/_k92xf7x1n968vrldr_8vh7w0000gn/T//ehcache_auto_created_1474917113737.
To avoid this warning consider using the CacheManager factory methods to create a singleton CacheManager or specifying a separate ehcache configuration (ehcache.xml) for each CacheManager instance.
2016-09-26 20:22:24,099 [http-8080-3] ERROR rentcar.VoitureWindow  - org.zkoss.zk.ui.ComponentNotFoundException: Fellow component not found: paging
2016-09-26 20:44:16,450 [main] WARN  config.ConfigurationFactory  - No configuration found. Configuring ehcache from ehcache-failsafe.xml  found in the classpath: jar:file:/Users/rabbah/.ivy2/cache/net.sf.ehcache/ehcache-core/jars/ehcache-core-1.7.1.jar!/ehcache-failsafe.xml
2016-09-26 20:44:18,099 [main] WARN  config.ConfigurationFactory  - No configuration found. Configuring ehcache from ehcache-failsafe.xml  found in the classpath: jar:file:/Users/rabbah/.ivy2/cache/net.sf.ehcache/ehcache-core/jars/ehcache-core-1.7.1.jar!/ehcache-failsafe.xml
2016-09-26 20:44:18,157 [main] WARN  ehcache.CacheManager  - Creating a new instance of CacheManager using the diskStorePath "/var/folders/jf/_k92xf7x1n968vrldr_8vh7w0000gn/T/" which is already used by an existing CacheManager.
The source of the configuration was classpath.
The diskStore path for this CacheManager will be set to /var/folders/jf/_k92xf7x1n968vrldr_8vh7w0000gn/T//ehcache_auto_created_1474919058157.
To avoid this warning consider using the CacheManager factory methods to create a singleton CacheManager or specifying a separate ehcache configuration (ehcache.xml) for each CacheManager instance.
2016-09-26 20:51:53,471 [main] WARN  config.ConfigurationFactory  - No configuration found. Configuring ehcache from ehcache-failsafe.xml  found in the classpath: jar:file:/Users/rabbah/.ivy2/cache/net.sf.ehcache/ehcache-core/jars/ehcache-core-1.7.1.jar!/ehcache-failsafe.xml
2016-09-26 20:51:58,328 [main] WARN  config.ConfigurationFactory  - No configuration found. Configuring ehcache from ehcache-failsafe.xml  found in the classpath: jar:file:/Users/rabbah/.ivy2/cache/net.sf.ehcache/ehcache-core/jars/ehcache-core-1.7.1.jar!/ehcache-failsafe.xml
2016-09-26 20:51:58,333 [main] WARN  ehcache.CacheManager  - Creating a new instance of CacheManager using the diskStorePath "/var/folders/jf/_k92xf7x1n968vrldr_8vh7w0000gn/T/" which is already used by an existing CacheManager.
The source of the configuration was classpath.
The diskStore path for this CacheManager will be set to /var/folders/jf/_k92xf7x1n968vrldr_8vh7w0000gn/T//ehcache_auto_created_1474919518333.
To avoid this warning consider using the CacheManager factory methods to create a singleton CacheManager or specifying a separate ehcache configuration (ehcache.xml) for each CacheManager instance.
2016-09-26 20:52:00,076 [main] ERROR context.GrailsContextLoader  - Error executing bootstraps: Cannot invoke method addToAuthorities() on null object
java.lang.NullPointerException: Cannot invoke method addToAuthorities() on null object
	at BootStrap$_closure1_closure3_closure4.doCall(BootStrap.groovy:64)
	at BootStrap$_closure1_closure3_closure4.doCall(BootStrap.groovy)
	at grails.util.Environment$EnvironmentBlockEvaluator.execute(Environment.java:264)
	at grails.util.Environment.executeForEnvironment(Environment.java:245)
	at grails.util.Environment.executeForCurrentEnvironment(Environment.java:220)
	at org.grails.tomcat.TomcatServer.start(TomcatServer.groovy:212)
	at grails.web.container.EmbeddableServer$start$0.call(Unknown Source)
	at _GrailsRun_groovy$_run_closure5_closure12.doCall(_GrailsRun_groovy:158)
	at _GrailsRun_groovy$_run_closure5_closure12.doCall(_GrailsRun_groovy)
	at _GrailsSettings_groovy$_run_closure10.doCall(_GrailsSettings_groovy:280)
	at _GrailsSettings_groovy$_run_closure10.call(_GrailsSettings_groovy)
	at _GrailsRun_groovy$_run_closure5.doCall(_GrailsRun_groovy:149)
	at _GrailsRun_groovy$_run_closure5.call(_GrailsRun_groovy)
	at _GrailsRun_groovy.runInline(_GrailsRun_groovy:116)
	at _GrailsRun_groovy.this$4$runInline(_GrailsRun_groovy)
	at _GrailsRun_groovy$_run_closure1.doCall(_GrailsRun_groovy:59)
	at _GrailsRun_groovy$_run_closure8_closure14.doCall(_GrailsRun_groovy:263)
	at _GrailsRun_groovy$_run_closure8_closure14.doCall(_GrailsRun_groovy)
	at _GrailsPackage_groovy$_run_closure8.doCall(_GrailsPackage_groovy:299)
	at _GrailsPackage_groovy$_run_closure8.call(_GrailsPackage_groovy)
	at _GrailsRun_groovy$_run_closure8.doCall(_GrailsRun_groovy:245)
	at RunApp$_run_closure1.doCall(RunApp.groovy:35)
	at gant.Gant$_dispatch_closure5.doCall(Gant.groovy:381)
	at gant.Gant$_dispatch_closure7.doCall(Gant.groovy:415)
	at gant.Gant$_dispatch_closure7.doCall(Gant.groovy)
	at gant.Gant.withBuildListeners(Gant.groovy:427)
	at gant.Gant.this$2$withBuildListeners(Gant.groovy)
	at gant.Gant$this$2$withBuildListeners.callCurrent(Unknown Source)
	at gant.Gant.dispatch(Gant.groovy:415)
	at gant.Gant.this$2$dispatch(Gant.groovy)
	at gant.Gant.invokeMethod(Gant.groovy)
	at gant.Gant.executeTargets(Gant.groovy:590)
	at gant.Gant.executeTargets(Gant.groovy:589)
